<?xml version="1.0" encoding="UTF-8"?>
<!-- Generated by org.testng.reporters.JUnitReportReporter -->
<testsuite hostname="SarthakDell" failures="0" tests="9" name="com.magento.TestCases.CreateAccountTest" time="100.031" errors="0" timestamp="08 Jun 2024 17:10:32 GMT" skipped="0">
  <testcase classname="com.magento.TestCases.CreateAccountTest" name="createAccountWithMandatoryDetails" time="14.210"/>
  <testcase classname="com.magento.TestCases.CreateAccountTest" name="createAccountWithMandatoryDetails" time="11.534"/>
  <testcase classname="com.magento.TestCases.CreateAccountTest" name="createAccountWithMandatoryDetails" time="11.948"/>
  <testcase classname="com.magento.TestCases.CreateAccountTest" name="createAccountWithMandatoryDetails" time="11.331"/>
  <testcase classname="com.magento.TestCases.CreateAccountTest" name="createAccountWithMandatoryDetails" time="10.202"/>
  <testcase classname="com.magento.TestCases.CreateAccountTest" name="createAccountWithMandatoryDetails" time="10.018"/>
  <testcase classname="com.magento.TestCases.CreateAccountTest" name="createAccountWithMandatoryDetails" time="11.594"/>
  <testcase classname="com.magento.TestCases.CreateAccountTest" name="createAccountWithMandatoryDetails" time="12.440"/>
  <testcase classname="com.magento.TestCases.CreateAccountTest" name="createAccountWithInvalidConfirmPassword" time="6.754"/>
</testsuite> <!-- com.magento.TestCases.CreateAccountTest -->
