<?xml version="1.0" encoding="UTF-8"?>
<!-- Generated by org.testng.reporters.JUnitReportReporter -->
<testsuite hostname="SarthakDell" failures="0" tests="2" name="com.magento.TestCases.LoginTest" time="15.437" errors="0" timestamp="02 Jun 2024 18:35:29 GMT" skipped="0">
  <testcase classname="com.magento.TestCases.LoginTest" name="loginWithValidCredentials" time="9.141"/>
  <testcase classname="com.magento.TestCases.LoginTest" name="loginWithValidCredentials" time="6.296"/>
</testsuite> <!-- com.magento.TestCases.LoginTest -->
