<?xml version="1.0" encoding="UTF-8"?>
<!-- Generated by org.testng.reporters.JUnitReportReporter -->
<testsuite hostname="SarthakDell" failures="0" tests="9" name="com.magento.TestCases.CreateAccountTest" time="90.961" errors="0" timestamp="02 Jun 2024 18:23:37 GMT" skipped="0">
  <testcase classname="com.magento.TestCases.CreateAccountTest" name="createAccountWithMandatoryDetails" time="11.304"/>
  <testcase classname="com.magento.TestCases.CreateAccountTest" name="createAccountWithMandatoryDetails" time="14.867"/>
  <testcase classname="com.magento.TestCases.CreateAccountTest" name="createAccountWithMandatoryDetails" time="9.055"/>
  <testcase classname="com.magento.TestCases.CreateAccountTest" name="createAccountWithMandatoryDetails" time="11.768"/>
  <testcase classname="com.magento.TestCases.CreateAccountTest" name="createAccountWithMandatoryDetails" time="9.141"/>
  <testcase classname="com.magento.TestCases.CreateAccountTest" name="createAccountWithMandatoryDetails" time="9.905"/>
  <testcase classname="com.magento.TestCases.CreateAccountTest" name="createAccountWithMandatoryDetails" time="10.018"/>
  <testcase classname="com.magento.TestCases.CreateAccountTest" name="createAccountWithMandatoryDetails" time="10.119"/>
  <testcase classname="com.magento.TestCases.CreateAccountTest" name="createAccountWithInvalidConfirmPassword" time="4.784"/>
</testsuite> <!-- com.magento.TestCases.CreateAccountTest -->
