<?xml version="1.0" encoding="UTF-8"?>
<!-- Generated by org.testng.reporters.JUnitReportReporter -->
<testsuite hostname="SarthakDell" failures="0" tests="3" name="com.magento.TestCases.LoginTest" time="24.568" errors="0" timestamp="08 Jun 2024 16:26:54 GMT" skipped="0">
  <testcase classname="com.magento.TestCases.LoginTest" name="loginWithValidCredentials" time="7.732"/>
  <testcase classname="com.magento.TestCases.LoginTest" name="loginWithValidCredentials" time="7.612"/>
  <testcase classname="com.magento.TestCases.LoginTest" name="loginWithInvalidCredentials" time="9.224"/>
</testsuite> <!-- com.magento.TestCases.LoginTest -->
