<?xml version="1.0" encoding="UTF-8"?>
<!-- Generated by org.testng.reporters.JUnitReportReporter -->
<testsuite hostname="SarthakDell" failures="0" tests="3" name="com.magento.TestCases.LoginTest" time="28.652" errors="0" timestamp="02 Jun 2024 18:23:37 GMT" skipped="0">
  <testcase classname="com.magento.TestCases.LoginTest" name="loginWithValidCredentials" time="7.664"/>
  <testcase classname="com.magento.TestCases.LoginTest" name="loginWithValidCredentials" time="11.181"/>
  <testcase classname="com.magento.TestCases.LoginTest" name="loginWithInvalidCredentials" time="9.807"/>
</testsuite> <!-- com.magento.TestCases.LoginTest -->
