<?xml version="1.0" encoding="UTF-8"?>
<!-- Generated by org.testng.reporters.JUnitReportReporter -->
<testsuite hostname="SarthakDell" failures="0" tests="1" name="com.magento.TestCases.LoginTest" time="8.932" errors="0" timestamp="2024-06-02T12:58:36 EDT" skipped="0">
  <testcase classname="com.magento.TestCases.LoginTest" name="loginWithInvalidCredentials" time="8.932"/>
</testsuite> <!-- com.magento.TestCases.LoginTest -->
