<?xml version="1.0" encoding="UTF-8"?>
<!-- Generated by org.testng.reporters.JUnitReportReporter -->
<testsuite hostname="SarthakDell" failures="0" tests="3" name="com.magento.TestCases.LoginTest" time="29.968" errors="0" timestamp="08 Jun 2024 15:56:22 GMT" skipped="0">
  <testcase classname="com.magento.TestCases.LoginTest" name="loginWithValidCredentials" time="7.357"/>
  <testcase classname="com.magento.TestCases.LoginTest" name="loginWithValidCredentials" time="11.762"/>
  <testcase classname="com.magento.TestCases.LoginTest" name="loginWithInvalidCredentials" time="10.849"/>
</testsuite> <!-- com.magento.TestCases.LoginTest -->
