<?xml version="1.0" encoding="UTF-8"?>
<!-- Generated by org.testng.reporters.JUnitReportReporter -->
<testsuite hostname="SarthakDell" failures="0" tests="1" name="com.magento.TestCases.CreateAccountTest" time="5.067" errors="0" timestamp="02 Jun 2024 18:51:51 GMT" skipped="0">
  <testcase classname="com.magento.TestCases.CreateAccountTest" name="createAccountWithInvalidConfirmPassword" time="5.067"/>
</testsuite> <!-- com.magento.TestCases.CreateAccountTest -->
