<?xml version="1.0" encoding="UTF-8"?>
<!-- Generated by org.testng.reporters.JUnitReportReporter -->
<testsuite hostname="SarthakDell" failures="0" tests="9" name="com.magento.TestCases.CreateAccountTest" time="81.702" errors="0" timestamp="2024-06-02T12:36:49 EDT" skipped="0">
  <testcase classname="com.magento.TestCases.CreateAccountTest" name="createAccountWithMandatoryDetails" time="9.849"/>
  <testcase classname="com.magento.TestCases.CreateAccountTest" name="createAccountWithMandatoryDetails" time="10.456"/>
  <testcase classname="com.magento.TestCases.CreateAccountTest" name="createAccountWithMandatoryDetails" time="10.052"/>
  <testcase classname="com.magento.TestCases.CreateAccountTest" name="createAccountWithMandatoryDetails" time="9.101"/>
  <testcase classname="com.magento.TestCases.CreateAccountTest" name="createAccountWithMandatoryDetails" time="9.262"/>
  <testcase classname="com.magento.TestCases.CreateAccountTest" name="createAccountWithMandatoryDetails" time="8.929"/>
  <testcase classname="com.magento.TestCases.CreateAccountTest" name="createAccountWithMandatoryDetails" time="8.917"/>
  <testcase classname="com.magento.TestCases.CreateAccountTest" name="createAccountWithMandatoryDetails" time="10.216"/>
  <testcase classname="com.magento.TestCases.CreateAccountTest" name="createAccountWithInvalidConfirmPassword" time="4.920"/>
</testsuite> <!-- com.magento.TestCases.CreateAccountTest -->
