<?xml version="1.0" encoding="UTF-8"?>
<!-- Generated by org.testng.reporters.JUnitReportReporter -->
<testsuite hostname="SarthakDell" failures="0" tests="9" name="com.magento.TestCases.CreateAccountTest" time="117.488" errors="0" timestamp="08 Jun 2024 15:56:22 GMT" skipped="0">
  <testcase classname="com.magento.TestCases.CreateAccountTest" name="createAccountWithMandatoryDetails" time="15.608"/>
  <testcase classname="com.magento.TestCases.CreateAccountTest" name="createAccountWithMandatoryDetails" time="12.643"/>
  <testcase classname="com.magento.TestCases.CreateAccountTest" name="createAccountWithMandatoryDetails" time="13.307"/>
  <testcase classname="com.magento.TestCases.CreateAccountTest" name="createAccountWithMandatoryDetails" time="13.808"/>
  <testcase classname="com.magento.TestCases.CreateAccountTest" name="createAccountWithMandatoryDetails" time="12.608"/>
  <testcase classname="com.magento.TestCases.CreateAccountTest" name="createAccountWithMandatoryDetails" time="13.727"/>
  <testcase classname="com.magento.TestCases.CreateAccountTest" name="createAccountWithMandatoryDetails" time="16.092"/>
  <testcase classname="com.magento.TestCases.CreateAccountTest" name="createAccountWithMandatoryDetails" time="11.045"/>
  <testcase classname="com.magento.TestCases.CreateAccountTest" name="createAccountWithInvalidConfirmPassword" time="8.650"/>
</testsuite> <!-- com.magento.TestCases.CreateAccountTest -->
